[debug] [2023-08-27T07:10:03.416Z] ----------------------------------------------------------------------
[debug] [2023-08-27T07:10:03.419Z] Command:       C:\Program Files\nodejs\node.exe C:\Users\Dell\AppData\Roaming\npm\node_modules\firebase-tools\lib\bin\firebase.js init
[debug] [2023-08-27T07:10:03.419Z] CLI Version:   12.5.2
[debug] [2023-08-27T07:10:03.420Z] Platform:      win32
[debug] [2023-08-27T07:10:03.420Z] Node Version:  v19.8.1
[debug] [2023-08-27T07:10:03.420Z] Time:          Sun Aug 27 2023 12:40:03 GMT+0530 (India Standard Time)
[debug] [2023-08-27T07:10:03.420Z] ----------------------------------------------------------------------
[debug] 
[debug] [2023-08-27T07:10:03.426Z] > command requires scopes: ["email","openid","https://www.googleapis.com/auth/cloudplatformprojects.readonly","https://www.googleapis.com/auth/firebase","https://www.googleapis.com/auth/cloud-platform"]
[debug] [2023-08-27T07:10:03.427Z] > authorizing via signed-in user (drstrangemarvel177@gmail.com)
[info] 
     ######## #### ########  ######## ########     ###     ######  ########
     ##        ##  ##     ## ##       ##     ##  ##   ##  ##       ##
     ######    ##  ########  ######   ########  #########  ######  ######
     ##        ##  ##    ##  ##       ##     ## ##     ##       ## ##
     ##       #### ##     ## ######## ########  ##     ##  ######  ########

You're about to initialize a Firebase project in this directory:

  f:\S R Products

[info] 
=== Project Setup
[info] 
[info] First, let's associate this project directory with a Firebase project.
[info] You can create multiple project aliases by running firebase use --add, 
[info] but for now we'll just set up a default project.
[info] 
[debug] [2023-08-27T07:10:53.169Z] >>> [apiv2][query] GET https://firebase.googleapis.com/v1beta1/projects pageSize=100
[debug] [2023-08-27T07:10:54.504Z] <<< [apiv2][status] GET https://firebase.googleapis.com/v1beta1/projects 200
[debug] [2023-08-27T07:10:54.504Z] <<< [apiv2][body] GET https://firebase.googleapis.com/v1beta1/projects [omitted]
[info] i  Using project srproducts-c6731 (SRproducts) 
[info] 
=== Hosting Setup
[info] 
[info] Your public directory is the folder (relative to your project directory) that
[info] will contain Hosting assets to be uploaded with firebase deploy. If you
[info] have a build process for your assets, use your build's output directory.
[info] 
